<?xml version="1.0" encoding="UTF-8"?>
<testsuite xmlns:xsi="http://www.w3.org/2001/XMLSchema-instance" xsi:noNamespaceSchemaLocation="https://maven.apache.org/surefire/maven-surefire-plugin/xsd/surefire-test-report-3.0.xsd" version="3.0" name="org.ehrbase.application.abac.AbacIntegrationTest" time="0.024" tests="1" errors="0" skipped="1" failures="0">
  <properties/>
  <testcase name="testAbacIntegrationTest" classname="org.ehrbase.application.abac.AbacIntegrationTest" time="0.0">
    <skipped message="see https://jira.vitagroup.ag/browse/CDR-368"/>
  </testcase>
</testsuite>