<?xml version="1.0" encoding="UTF-8"?>
<testsuite xmlns:xsi="http://www.w3.org/2001/XMLSchema-instance" xsi:noNamespaceSchemaLocation="https://maven.apache.org/surefire/maven-surefire-plugin/xsd/surefire-test-report-3.0.xsd" version="3.0" name="org.ehrbase.jooq.dbencoding.wrappers.json.writer.translator_db2raw.LinkedTreeMapAdapterTest" time="0.032" tests="1" errors="0" skipped="0" failures="0">
  <properties>
    <property name="java.specification.version" value="17"/>
    <property name="sun.cpu.isalist" value="amd64"/>
    <property name="sun.jnu.encoding" value="Cp1252"/>
    <property name="java.class.path" value="C:\Users\LuísRibeiro\Projects\ehrbase\jooq-pq\target\test-classes;C:\Users\LuísRibeiro\Projects\ehrbase\jooq-pq\target\classes;C:\Users\LuísRibeiro\Projects\ehrbase\base\target\base-0.29.0-SNAPSHOT.jar;C:\Users\LuísRibeiro\.m2\repository\org\flywaydb\flyway-core\8.5.13\flyway-core-8.5.13.jar;C:\Users\LuísRibeiro\.m2\repository\org\ehrbase\openehr\sdk\serialisation\2.1.0-SNAPSHOT\serialisation-2.1.0-SNAPSHOT.jar;C:\Users\LuísRibeiro\.m2\repository\com\nedap\healthcare\archie\test-rm\3.3.0\test-rm-3.3.0.jar;C:\Users\LuísRibeiro\.m2\repository\org\ehrbase\openehr\sdk\web-template\2.1.0-SNAPSHOT\web-template-2.1.0-SNAPSHOT.jar;C:\Users\LuísRibeiro\.m2\repository\com\nedap\healthcare\archie\tools\3.3.0\tools-3.3.0.jar;C:\Users\LuísRibeiro\.m2\repository\org\leadpony\justify\justify\3.1.0\justify-3.1.0.jar;C:\Users\LuísRibeiro\.m2\repository\jakarta\json\jakarta.json-api\1.1.6\jakarta.json-api-1.1.6.jar;C:\Users\LuísRibeiro\.m2\repository\com\ibm\icu\icu4j\68.1\icu4j-68.1.jar;C:\Users\LuísRibeiro\.m2\repository\org\glassfish\jakarta.json\2.0.1\jakarta.json-2.0.1-module.jar;C:\Users\LuísRibeiro\.m2\repository\org\ehrbase\openehr\sdk\aql\2.1.0-SNAPSHOT\aql-2.1.0-SNAPSHOT.jar;C:\Users\LuísRibeiro\.m2\repository\org\apache\commons\commons-csv\1.10.0\commons-csv-1.10.0.jar;C:\Users\LuísRibeiro\.m2\repository\javax\cache\cache-api\1.1.1\cache-api-1.1.1.jar;C:\Users\LuísRibeiro\.m2\repository\org\ehrbase\openehr\sdk\generator-commons\2.1.0-SNAPSHOT\generator-commons-2.1.0-SNAPSHOT.jar;C:\Users\LuísRibeiro\.m2\repository\com\nedap\healthcare\archie\archie-utils\3.3.0\archie-utils-3.3.0.jar;C:\Users\LuísRibeiro\.m2\repository\org\ehrbase\openehr\sdk\util\2.1.0-SNAPSHOT\util-2.1.0-SNAPSHOT.jar;C:\Users\LuísRibeiro\.m2\repository\io\github\classgraph\classgraph\4.8.157\classgraph-4.8.157.jar;C:\Users\LuísRibeiro\.m2\repository\org\antlr\antlr4-runtime\4.11.1\antlr4-runtime-4.11.1.jar;C:\Users\LuísRibeiro\.m2\repository\com\github\erosb\everit-json-schema\1.14.2\everit-json-schema-1.14.2.jar;C:\Users\LuísRibeiro\.m2\repository\commons-validator\commons-validator\1.7\commons-validator-1.7.jar;C:\Users\LuísRibeiro\.m2\repository\commons-digester\commons-digester\2.1\commons-digester-2.1.jar;C:\Users\LuísRibeiro\.m2\repository\commons-collections\commons-collections\3.2.2\commons-collections-3.2.2.jar;C:\Users\LuísRibeiro\.m2\repository\com\damnhandy\handy-uri-templates\2.1.8\handy-uri-templates-2.1.8.jar;C:\Users\LuísRibeiro\.m2\repository\joda-time\joda-time\2.12.5\joda-time-2.12.5.jar;C:\Users\LuísRibeiro\.m2\repository\com\google\re2j\re2j\1.6\re2j-1.6.jar;C:\Users\LuísRibeiro\.m2\repository\javax\xml\bind\jaxb-api\2.3.1\jaxb-api-2.3.1.jar;C:\Users\LuísRibeiro\.m2\repository\javax\activation\javax.activation-api\1.2.0\javax.activation-api-1.2.0.jar;C:\Users\LuísRibeiro\.m2\repository\com\google\guava\guava\32.1.1-jre\guava-32.1.1-jre.jar;C:\Users\LuísRibeiro\.m2\repository\com\google\guava\failureaccess\1.0.1\failureaccess-1.0.1.jar;C:\Users\LuísRibeiro\.m2\repository\com\google\guava\listenablefuture\9999.0-empty-to-avoid-conflict-with-guava\listenablefuture-9999.0-empty-to-avoid-conflict-with-guava.jar;C:\Users\LuísRibeiro\.m2\repository\com\google\code\findbugs\jsr305\3.0.2\jsr305-3.0.2.jar;C:\Users\LuísRibeiro\.m2\repository\org\checkerframework\checker-qual\3.33.0\checker-qual-3.33.0.jar;C:\Users\LuísRibeiro\.m2\repository\com\google\errorprone\error_prone_annotations\2.18.0\error_prone_annotations-2.18.0.jar;C:\Users\LuísRibeiro\.m2\repository\com\google\j2objc\j2objc-annotations\2.8\j2objc-annotations-2.8.jar;C:\Users\LuísRibeiro\.m2\repository\com\fasterxml\jackson\core\jackson-annotations\2.15.0\jackson-annotations-2.15.0.jar;C:\Users\LuísRibeiro\.m2\repository\org\json\json\20230227\json-20230227.jar;C:\Users\LuísRibeiro\.m2\repository\org\slf4j\slf4j-api\1.7.36\slf4j-api-1.7.36.jar;C:\Users\LuísRibeiro\.m2\repository\com\fasterxml\jackson\core\jackson-databind\2.15.0\jackson-databind-2.15.0.jar;C:\Users\LuísRibeiro\.m2\repository\com\fasterxml\jackson\core\jackson-core\2.15.0\jackson-core-2.15.0.jar;C:\Users\LuísRibeiro\.m2\repository\com\fasterxml\jackson\dataformat\jackson-dataformat-xml\2.15.0\jackson-dataformat-xml-2.15.0.jar;C:\Users\LuísRibeiro\.m2\repository\org\codehaus\woodstox\stax2-api\4.2.1\stax2-api-4.2.1.jar;C:\Users\LuísRibeiro\.m2\repository\com\fasterxml\woodstox\woodstox-core\6.5.1\woodstox-core-6.5.1.jar;C:\Users\LuísRibeiro\.m2\repository\commons-io\commons-io\2.13.0\commons-io-2.13.0.jar;C:\Users\LuísRibeiro\.m2\repository\org\apache\commons\commons-collections4\4.4\commons-collections4-4.4.jar;C:\Users\LuísRibeiro\.m2\repository\org\apache\commons\commons-text\1.10.0\commons-text-1.10.0.jar;C:\Users\LuísRibeiro\.m2\repository\com\google\code\gson\gson\2.8.9\gson-2.8.9.jar;C:\Users\LuísRibeiro\.m2\repository\org\threeten\threeten-extra\1.7.2\threeten-extra-1.7.2.jar;C:\Users\LuísRibeiro\.m2\repository\com\nedap\healthcare\archie\openehr-rm\3.3.0\openehr-rm-3.3.0.jar;C:\Users\LuísRibeiro\.m2\repository\com\fasterxml\jackson\datatype\jackson-datatype-jsr310\2.15.0\jackson-datatype-jsr310-2.15.0.jar;C:\Users\LuísRibeiro\.m2\repository\com\sun\xml\bind\jaxb-core\2.3.0.1\jaxb-core-2.3.0.1.jar;C:\Users\LuísRibeiro\.m2\repository\javax\activation\activation\1.1.1\activation-1.1.1.jar;C:\Users\LuísRibeiro\.m2\repository\com\github\zafarkhaja\java-semver\0.9.0\java-semver-0.9.0.jar;C:\Users\LuísRibeiro\.m2\repository\com\nedap\healthcare\archie\base\3.3.0\base-3.3.0.jar;C:\Users\LuísRibeiro\.m2\repository\com\nedap\healthcare\archie\grammars\3.3.0\grammars-3.3.0.jar;C:\Users\LuísRibeiro\.m2\repository\org\antlr\antlr4\4.11.1\antlr4-4.11.1.jar;C:\Users\LuísRibeiro\.m2\repository\org\antlr\antlr-runtime\3.5.3\antlr-runtime-3.5.3.jar;C:\Users\LuísRibeiro\.m2\repository\org\antlr\ST4\4.3.4\ST4-4.3.4.jar;C:\Users\LuísRibeiro\.m2\repository\org\abego\treelayout\org.abego.treelayout.core\1.0.3\org.abego.treelayout.core-1.0.3.jar;C:\Users\LuísRibeiro\.m2\repository\org\glassfish\javax.json\1.1.4\javax.json-1.1.4.jar;C:\Users\LuísRibeiro\.m2\repository\com\nedap\healthcare\archie\aom\3.3.0\aom-3.3.0.jar;C:\Users\LuísRibeiro\.m2\repository\com\nedap\healthcare\archie\odin\3.3.0\odin-3.3.0.jar;C:\Users\LuísRibeiro\.m2\repository\com\nedap\healthcare\archie\bmm\3.3.0\bmm-3.3.0.jar;C:\Users\LuísRibeiro\.m2\repository\com\nedap\healthcare\archie\openehr-terminology\3.3.0\openehr-terminology-3.3.0.jar;C:\Users\LuísRibeiro\.m2\repository\com\nedap\healthcare\archie\path-queries\3.3.0\path-queries-3.3.0.jar;C:\Users\LuísRibeiro\.m2\repository\com\nedap\healthcare\archie\utils\3.3.0\utils-3.3.0.jar;C:\Users\LuísRibeiro\.m2\repository\org\reflections\reflections\0.9.12\reflections-0.9.12.jar;C:\Users\LuísRibeiro\.m2\repository\org\javassist\javassist\3.26.0-GA\javassist-3.26.0-GA.jar;C:\Users\LuísRibeiro\.m2\repository\com\esotericsoftware\kryo\kryo5\5.3.0\kryo5-5.3.0.jar;C:\Users\LuísRibeiro\.m2\repository\org\apache\commons\commons-lang3\3.12.0\commons-lang3-3.12.0.jar;C:\Users\LuísRibeiro\.m2\repository\com\sun\xml\bind\jaxb-impl\2.3.3\jaxb-impl-2.3.3.jar;C:\Users\LuísRibeiro\.m2\repository\jakarta\xml\bind\jakarta.xml.bind-api\2.3.3\jakarta.xml.bind-api-2.3.3.jar;C:\Users\LuísRibeiro\.m2\repository\com\sun\activation\jakarta.activation\1.2.2\jakarta.activation-1.2.2.jar;C:\Users\LuísRibeiro\.m2\repository\org\jooq\jooq\3.18.5\jooq-3.18.5.jar;C:\Users\LuísRibeiro\.m2\repository\io\r2dbc\r2dbc-spi\0.9.1.RELEASE\r2dbc-spi-0.9.1.RELEASE.jar;C:\Users\LuísRibeiro\.m2\repository\org\reactivestreams\reactive-streams\1.0.4\reactive-streams-1.0.4.jar;C:\Users\LuísRibeiro\.m2\repository\org\junit\jupiter\junit-jupiter\5.8.2\junit-jupiter-5.8.2.jar;C:\Users\LuísRibeiro\.m2\repository\org\junit\jupiter\junit-jupiter-api\5.8.2\junit-jupiter-api-5.8.2.jar;C:\Users\LuísRibeiro\.m2\repository\org\opentest4j\opentest4j\1.2.0\opentest4j-1.2.0.jar;C:\Users\LuísRibeiro\.m2\repository\org\junit\platform\junit-platform-commons\1.8.2\junit-platform-commons-1.8.2.jar;C:\Users\LuísRibeiro\.m2\repository\org\junit\jupiter\junit-jupiter-params\5.8.2\junit-jupiter-params-5.8.2.jar;C:\Users\LuísRibeiro\.m2\repository\org\junit\jupiter\junit-jupiter-engine\5.8.2\junit-jupiter-engine-5.8.2.jar;C:\Users\LuísRibeiro\.m2\repository\org\junit\platform\junit-platform-engine\1.8.2\junit-platform-engine-1.8.2.jar;C:\Users\LuísRibeiro\.m2\repository\org\apiguardian\apiguardian-api\1.1.2\apiguardian-api-1.1.2.jar;C:\Users\LuísRibeiro\.m2\repository\org\ehrbase\openehr\sdk\test-data\2.1.0-SNAPSHOT\test-data-2.1.0-SNAPSHOT.jar;C:\Users\LuísRibeiro\.m2\repository\org\assertj\assertj-core\3.22.0\assertj-core-3.22.0.jar;C:\Users\LuísRibeiro\.m2\repository\org\ehrbase\openehr\sdk\validation\2.1.0-SNAPSHOT\validation-2.1.0-SNAPSHOT.jar;C:\Users\LuísRibeiro\.m2\repository\org\ehrbase\openehr\sdk\opt-1.4\2.1.0-SNAPSHOT\opt-1.4-2.1.0-SNAPSHOT.jar;C:\Users\LuísRibeiro\.m2\repository\org\apache\xmlbeans\xmlbeans\3.1.0\xmlbeans-3.1.0.jar;C:\Users\LuísRibeiro\.m2\repository\org\ehrbase\openehr\sdk\terminology\2.1.0-SNAPSHOT\terminology-2.1.0-SNAPSHOT.jar;C:\Users\LuísRibeiro\.m2\repository\org\apache\httpcomponents\fluent-hc\4.5.14\fluent-hc-4.5.14.jar;C:\Users\LuísRibeiro\.m2\repository\org\apache\httpcomponents\httpclient\4.5.14\httpclient-4.5.14.jar;C:\Users\LuísRibeiro\.m2\repository\org\apache\httpcomponents\httpcore\4.4.16\httpcore-4.4.16.jar;C:\Users\LuísRibeiro\.m2\repository\commons-codec\commons-codec\1.15\commons-codec-1.15.jar;C:\Users\LuísRibeiro\.m2\repository\commons-logging\commons-logging\1.2\commons-logging-1.2.jar;C:\Users\LuísRibeiro\.m2\repository\com\jayway\jsonpath\json-path\2.8.0\json-path-2.8.0.jar;C:\Users\LuísRibeiro\.m2\repository\net\minidev\json-smart\2.4.11\json-smart-2.4.11.jar;C:\Users\LuísRibeiro\.m2\repository\net\minidev\accessors-smart\2.4.11\accessors-smart-2.4.11.jar;C:\Users\LuísRibeiro\.m2\repository\org\ow2\asm\asm\9.3\asm-9.3.jar;"/>
    <property name="java.vm.vendor" value="Oracle Corporation"/>
    <property name="sun.arch.data.model" value="64"/>
    <property name="user.variant" value=""/>
    <property name="java.vendor.url" value="https://java.oracle.com/"/>
    <property name="user.timezone" value="Europe/Amsterdam"/>
    <property name="user.country.format" value="NL"/>
    <property name="os.name" value="Windows 11"/>
    <property name="java.vm.specification.version" value="17"/>
    <property name="sun.java.launcher" value="SUN_STANDARD"/>
    <property name="user.country" value="US"/>
    <property name="sun.boot.library.path" value="C:\Program Files\Java\jdk-17\bin"/>
    <property name="sun.java.command" value="C:\Users\LuísRibeiro\AppData\Local\Temp\surefire1752934884215679060\surefirebooter-20230804103728277_6.jar C:\Users\LuísRibeiro\AppData\Local\Temp\surefire1752934884215679060 2023-08-04T10-36-11_937-jvmRun1 surefire-20230804103728277_4tmp surefire_1-20230804103728277_5tmp"/>
    <property name="jdk.debug" value="release"/>
    <property name="surefire.test.class.path" value="C:\Users\LuísRibeiro\Projects\ehrbase\jooq-pq\target\test-classes;C:\Users\LuísRibeiro\Projects\ehrbase\jooq-pq\target\classes;C:\Users\LuísRibeiro\Projects\ehrbase\base\target\base-0.29.0-SNAPSHOT.jar;C:\Users\LuísRibeiro\.m2\repository\org\flywaydb\flyway-core\8.5.13\flyway-core-8.5.13.jar;C:\Users\LuísRibeiro\.m2\repository\org\ehrbase\openehr\sdk\serialisation\2.1.0-SNAPSHOT\serialisation-2.1.0-SNAPSHOT.jar;C:\Users\LuísRibeiro\.m2\repository\com\nedap\healthcare\archie\test-rm\3.3.0\test-rm-3.3.0.jar;C:\Users\LuísRibeiro\.m2\repository\org\ehrbase\openehr\sdk\web-template\2.1.0-SNAPSHOT\web-template-2.1.0-SNAPSHOT.jar;C:\Users\LuísRibeiro\.m2\repository\com\nedap\healthcare\archie\tools\3.3.0\tools-3.3.0.jar;C:\Users\LuísRibeiro\.m2\repository\org\leadpony\justify\justify\3.1.0\justify-3.1.0.jar;C:\Users\LuísRibeiro\.m2\repository\jakarta\json\jakarta.json-api\1.1.6\jakarta.json-api-1.1.6.jar;C:\Users\LuísRibeiro\.m2\repository\com\ibm\icu\icu4j\68.1\icu4j-68.1.jar;C:\Users\LuísRibeiro\.m2\repository\org\glassfish\jakarta.json\2.0.1\jakarta.json-2.0.1-module.jar;C:\Users\LuísRibeiro\.m2\repository\org\ehrbase\openehr\sdk\aql\2.1.0-SNAPSHOT\aql-2.1.0-SNAPSHOT.jar;C:\Users\LuísRibeiro\.m2\repository\org\apache\commons\commons-csv\1.10.0\commons-csv-1.10.0.jar;C:\Users\LuísRibeiro\.m2\repository\javax\cache\cache-api\1.1.1\cache-api-1.1.1.jar;C:\Users\LuísRibeiro\.m2\repository\org\ehrbase\openehr\sdk\generator-commons\2.1.0-SNAPSHOT\generator-commons-2.1.0-SNAPSHOT.jar;C:\Users\LuísRibeiro\.m2\repository\com\nedap\healthcare\archie\archie-utils\3.3.0\archie-utils-3.3.0.jar;C:\Users\LuísRibeiro\.m2\repository\org\ehrbase\openehr\sdk\util\2.1.0-SNAPSHOT\util-2.1.0-SNAPSHOT.jar;C:\Users\LuísRibeiro\.m2\repository\io\github\classgraph\classgraph\4.8.157\classgraph-4.8.157.jar;C:\Users\LuísRibeiro\.m2\repository\org\antlr\antlr4-runtime\4.11.1\antlr4-runtime-4.11.1.jar;C:\Users\LuísRibeiro\.m2\repository\com\github\erosb\everit-json-schema\1.14.2\everit-json-schema-1.14.2.jar;C:\Users\LuísRibeiro\.m2\repository\commons-validator\commons-validator\1.7\commons-validator-1.7.jar;C:\Users\LuísRibeiro\.m2\repository\commons-digester\commons-digester\2.1\commons-digester-2.1.jar;C:\Users\LuísRibeiro\.m2\repository\commons-collections\commons-collections\3.2.2\commons-collections-3.2.2.jar;C:\Users\LuísRibeiro\.m2\repository\com\damnhandy\handy-uri-templates\2.1.8\handy-uri-templates-2.1.8.jar;C:\Users\LuísRibeiro\.m2\repository\joda-time\joda-time\2.12.5\joda-time-2.12.5.jar;C:\Users\LuísRibeiro\.m2\repository\com\google\re2j\re2j\1.6\re2j-1.6.jar;C:\Users\LuísRibeiro\.m2\repository\javax\xml\bind\jaxb-api\2.3.1\jaxb-api-2.3.1.jar;C:\Users\LuísRibeiro\.m2\repository\javax\activation\javax.activation-api\1.2.0\javax.activation-api-1.2.0.jar;C:\Users\LuísRibeiro\.m2\repository\com\google\guava\guava\32.1.1-jre\guava-32.1.1-jre.jar;C:\Users\LuísRibeiro\.m2\repository\com\google\guava\failureaccess\1.0.1\failureaccess-1.0.1.jar;C:\Users\LuísRibeiro\.m2\repository\com\google\guava\listenablefuture\9999.0-empty-to-avoid-conflict-with-guava\listenablefuture-9999.0-empty-to-avoid-conflict-with-guava.jar;C:\Users\LuísRibeiro\.m2\repository\com\google\code\findbugs\jsr305\3.0.2\jsr305-3.0.2.jar;C:\Users\LuísRibeiro\.m2\repository\org\checkerframework\checker-qual\3.33.0\checker-qual-3.33.0.jar;C:\Users\LuísRibeiro\.m2\repository\com\google\errorprone\error_prone_annotations\2.18.0\error_prone_annotations-2.18.0.jar;C:\Users\LuísRibeiro\.m2\repository\com\google\j2objc\j2objc-annotations\2.8\j2objc-annotations-2.8.jar;C:\Users\LuísRibeiro\.m2\repository\com\fasterxml\jackson\core\jackson-annotations\2.15.0\jackson-annotations-2.15.0.jar;C:\Users\LuísRibeiro\.m2\repository\org\json\json\20230227\json-20230227.jar;C:\Users\LuísRibeiro\.m2\repository\org\slf4j\slf4j-api\1.7.36\slf4j-api-1.7.36.jar;C:\Users\LuísRibeiro\.m2\repository\com\fasterxml\jackson\core\jackson-databind\2.15.0\jackson-databind-2.15.0.jar;C:\Users\LuísRibeiro\.m2\repository\com\fasterxml\jackson\core\jackson-core\2.15.0\jackson-core-2.15.0.jar;C:\Users\LuísRibeiro\.m2\repository\com\fasterxml\jackson\dataformat\jackson-dataformat-xml\2.15.0\jackson-dataformat-xml-2.15.0.jar;C:\Users\LuísRibeiro\.m2\repository\org\codehaus\woodstox\stax2-api\4.2.1\stax2-api-4.2.1.jar;C:\Users\LuísRibeiro\.m2\repository\com\fasterxml\woodstox\woodstox-core\6.5.1\woodstox-core-6.5.1.jar;C:\Users\LuísRibeiro\.m2\repository\commons-io\commons-io\2.13.0\commons-io-2.13.0.jar;C:\Users\LuísRibeiro\.m2\repository\org\apache\commons\commons-collections4\4.4\commons-collections4-4.4.jar;C:\Users\LuísRibeiro\.m2\repository\org\apache\commons\commons-text\1.10.0\commons-text-1.10.0.jar;C:\Users\LuísRibeiro\.m2\repository\com\google\code\gson\gson\2.8.9\gson-2.8.9.jar;C:\Users\LuísRibeiro\.m2\repository\org\threeten\threeten-extra\1.7.2\threeten-extra-1.7.2.jar;C:\Users\LuísRibeiro\.m2\repository\com\nedap\healthcare\archie\openehr-rm\3.3.0\openehr-rm-3.3.0.jar;C:\Users\LuísRibeiro\.m2\repository\com\fasterxml\jackson\datatype\jackson-datatype-jsr310\2.15.0\jackson-datatype-jsr310-2.15.0.jar;C:\Users\LuísRibeiro\.m2\repository\com\sun\xml\bind\jaxb-core\2.3.0.1\jaxb-core-2.3.0.1.jar;C:\Users\LuísRibeiro\.m2\repository\javax\activation\activation\1.1.1\activation-1.1.1.jar;C:\Users\LuísRibeiro\.m2\repository\com\github\zafarkhaja\java-semver\0.9.0\java-semver-0.9.0.jar;C:\Users\LuísRibeiro\.m2\repository\com\nedap\healthcare\archie\base\3.3.0\base-3.3.0.jar;C:\Users\LuísRibeiro\.m2\repository\com\nedap\healthcare\archie\grammars\3.3.0\grammars-3.3.0.jar;C:\Users\LuísRibeiro\.m2\repository\org\antlr\antlr4\4.11.1\antlr4-4.11.1.jar;C:\Users\LuísRibeiro\.m2\repository\org\antlr\antlr-runtime\3.5.3\antlr-runtime-3.5.3.jar;C:\Users\LuísRibeiro\.m2\repository\org\antlr\ST4\4.3.4\ST4-4.3.4.jar;C:\Users\LuísRibeiro\.m2\repository\org\abego\treelayout\org.abego.treelayout.core\1.0.3\org.abego.treelayout.core-1.0.3.jar;C:\Users\LuísRibeiro\.m2\repository\org\glassfish\javax.json\1.1.4\javax.json-1.1.4.jar;C:\Users\LuísRibeiro\.m2\repository\com\nedap\healthcare\archie\aom\3.3.0\aom-3.3.0.jar;C:\Users\LuísRibeiro\.m2\repository\com\nedap\healthcare\archie\odin\3.3.0\odin-3.3.0.jar;C:\Users\LuísRibeiro\.m2\repository\com\nedap\healthcare\archie\bmm\3.3.0\bmm-3.3.0.jar;C:\Users\LuísRibeiro\.m2\repository\com\nedap\healthcare\archie\openehr-terminology\3.3.0\openehr-terminology-3.3.0.jar;C:\Users\LuísRibeiro\.m2\repository\com\nedap\healthcare\archie\path-queries\3.3.0\path-queries-3.3.0.jar;C:\Users\LuísRibeiro\.m2\repository\com\nedap\healthcare\archie\utils\3.3.0\utils-3.3.0.jar;C:\Users\LuísRibeiro\.m2\repository\org\reflections\reflections\0.9.12\reflections-0.9.12.jar;C:\Users\LuísRibeiro\.m2\repository\org\javassist\javassist\3.26.0-GA\javassist-3.26.0-GA.jar;C:\Users\LuísRibeiro\.m2\repository\com\esotericsoftware\kryo\kryo5\5.3.0\kryo5-5.3.0.jar;C:\Users\LuísRibeiro\.m2\repository\org\apache\commons\commons-lang3\3.12.0\commons-lang3-3.12.0.jar;C:\Users\LuísRibeiro\.m2\repository\com\sun\xml\bind\jaxb-impl\2.3.3\jaxb-impl-2.3.3.jar;C:\Users\LuísRibeiro\.m2\repository\jakarta\xml\bind\jakarta.xml.bind-api\2.3.3\jakarta.xml.bind-api-2.3.3.jar;C:\Users\LuísRibeiro\.m2\repository\com\sun\activation\jakarta.activation\1.2.2\jakarta.activation-1.2.2.jar;C:\Users\LuísRibeiro\.m2\repository\org\jooq\jooq\3.18.5\jooq-3.18.5.jar;C:\Users\LuísRibeiro\.m2\repository\io\r2dbc\r2dbc-spi\0.9.1.RELEASE\r2dbc-spi-0.9.1.RELEASE.jar;C:\Users\LuísRibeiro\.m2\repository\org\reactivestreams\reactive-streams\1.0.4\reactive-streams-1.0.4.jar;C:\Users\LuísRibeiro\.m2\repository\org\junit\jupiter\junit-jupiter\5.8.2\junit-jupiter-5.8.2.jar;C:\Users\LuísRibeiro\.m2\repository\org\junit\jupiter\junit-jupiter-api\5.8.2\junit-jupiter-api-5.8.2.jar;C:\Users\LuísRibeiro\.m2\repository\org\opentest4j\opentest4j\1.2.0\opentest4j-1.2.0.jar;C:\Users\LuísRibeiro\.m2\repository\org\junit\platform\junit-platform-commons\1.8.2\junit-platform-commons-1.8.2.jar;C:\Users\LuísRibeiro\.m2\repository\org\junit\jupiter\junit-jupiter-params\5.8.2\junit-jupiter-params-5.8.2.jar;C:\Users\LuísRibeiro\.m2\repository\org\junit\jupiter\junit-jupiter-engine\5.8.2\junit-jupiter-engine-5.8.2.jar;C:\Users\LuísRibeiro\.m2\repository\org\junit\platform\junit-platform-engine\1.8.2\junit-platform-engine-1.8.2.jar;C:\Users\LuísRibeiro\.m2\repository\org\apiguardian\apiguardian-api\1.1.2\apiguardian-api-1.1.2.jar;C:\Users\LuísRibeiro\.m2\repository\org\ehrbase\openehr\sdk\test-data\2.1.0-SNAPSHOT\test-data-2.1.0-SNAPSHOT.jar;C:\Users\LuísRibeiro\.m2\repository\org\assertj\assertj-core\3.22.0\assertj-core-3.22.0.jar;C:\Users\LuísRibeiro\.m2\repository\org\ehrbase\openehr\sdk\validation\2.1.0-SNAPSHOT\validation-2.1.0-SNAPSHOT.jar;C:\Users\LuísRibeiro\.m2\repository\org\ehrbase\openehr\sdk\opt-1.4\2.1.0-SNAPSHOT\opt-1.4-2.1.0-SNAPSHOT.jar;C:\Users\LuísRibeiro\.m2\repository\org\apache\xmlbeans\xmlbeans\3.1.0\xmlbeans-3.1.0.jar;C:\Users\LuísRibeiro\.m2\repository\org\ehrbase\openehr\sdk\terminology\2.1.0-SNAPSHOT\terminology-2.1.0-SNAPSHOT.jar;C:\Users\LuísRibeiro\.m2\repository\org\apache\httpcomponents\fluent-hc\4.5.14\fluent-hc-4.5.14.jar;C:\Users\LuísRibeiro\.m2\repository\org\apache\httpcomponents\httpclient\4.5.14\httpclient-4.5.14.jar;C:\Users\LuísRibeiro\.m2\repository\org\apache\httpcomponents\httpcore\4.4.16\httpcore-4.4.16.jar;C:\Users\LuísRibeiro\.m2\repository\commons-codec\commons-codec\1.15\commons-codec-1.15.jar;C:\Users\LuísRibeiro\.m2\repository\commons-logging\commons-logging\1.2\commons-logging-1.2.jar;C:\Users\LuísRibeiro\.m2\repository\com\jayway\jsonpath\json-path\2.8.0\json-path-2.8.0.jar;C:\Users\LuísRibeiro\.m2\repository\net\minidev\json-smart\2.4.11\json-smart-2.4.11.jar;C:\Users\LuísRibeiro\.m2\repository\net\minidev\accessors-smart\2.4.11\accessors-smart-2.4.11.jar;C:\Users\LuísRibeiro\.m2\repository\org\ow2\asm\asm\9.3\asm-9.3.jar;"/>
    <property name="sun.cpu.endian" value="little"/>
    <property name="user.home" value="C:\Users\LuísRibeiro"/>
    <property name="user.language" value="en"/>
    <property name="java.specification.vendor" value="Oracle Corporation"/>
    <property name="java.version.date" value="2023-07-18"/>
    <property name="java.home" value="C:\Program Files\Java\jdk-17"/>
    <property name="file.separator" value="\"/>
    <property name="basedir" value="C:\Users\LuísRibeiro\Projects\ehrbase\jooq-pq"/>
    <property name="java.vm.compressedOopsMode" value="Zero based"/>
    <property name="line.separator" value="&#10;"/>
    <property name="java.vm.specification.vendor" value="Oracle Corporation"/>
    <property name="java.specification.name" value="Java Platform API Specification"/>
    <property name="surefire.real.class.path" value="C:\Users\LuísRibeiro\AppData\Local\Temp\surefire1752934884215679060\surefirebooter-20230804103728277_6.jar"/>
    <property name="user.script" value=""/>
    <property name="sun.management.compiler" value="HotSpot 64-Bit Tiered Compilers"/>
    <property name="java.runtime.version" value="17.0.8+9-LTS-211"/>
    <property name="user.name" value="LuísRibeiro"/>
    <property name="path.separator" value=";"/>
    <property name="os.version" value="10.0"/>
    <property name="java.runtime.name" value="Java(TM) SE Runtime Environment"/>
    <property name="file.encoding" value="Cp1252"/>
    <property name="java.vm.name" value="Java HotSpot(TM) 64-Bit Server VM"/>
    <property name="localRepository" value="C:\Users\LuísRibeiro\.m2\repository"/>
    <property name="java.vendor.url.bug" value="https://bugreport.java.com/bugreport/"/>
    <property name="java.io.tmpdir" value="C:\Users\LUSRIB~1\AppData\Local\Temp\"/>
    <property name="java.version" value="17.0.8"/>
    <property name="user.dir" value="C:\Users\LuísRibeiro\Projects\ehrbase\jooq-pq"/>
    <property name="os.arch" value="amd64"/>
    <property name="java.vm.specification.name" value="Java Virtual Machine Specification"/>
    <property name="sun.os.patch.level" value=""/>
    <property name="native.encoding" value="Cp1252"/>
    <property name="java.library.path" value="C:\Program Files\Java\jdk-17\bin;C:\WINDOWS\Sun\Java\bin;C:\WINDOWS\system32;C:\WINDOWS;C:\Program Files\Java\jdk-17\bin;C:\Program Files (x86)\Microsoft SDKs\Azure\CLI2\wbin;C:\Program Files\Microsoft\jdk-11.0.12.7-hotspot\bin;C:\Windows\system32;C:\Windows;C:\Windows\System32\Wbem;C:\Windows\System32\WindowsPowerShell\v1.0\;C:\Windows\System32\OpenSSH\;C:\Program Files\dotnet\;C:\Program Files (x86)\Microsoft SQL Server\160\Tools\Binn\;C:\Program Files\Microsoft SQL Server\160\Tools\Binn\;C:\Program Files\Microsoft SQL Server\Client SDK\ODBC\170\Tools\Binn\;C:\Program Files\Microsoft SQL Server\160\DTS\Binn\;C:\Program Files (x86)\Microsoft SQL Server\150\DTS\Binn\;C:\Users\LuísRibeiro\AppData\Local\Programs\Python\Python310;C:\Program Files\Azure Data Studio\bin;C:\Apps\spark-3.3.0-bin-hadoop3\bin;C:\Users\LuísRibeiro\AppData\Local\Microsoft\WindowsApps;C:\Program Files\Microsoft SQL Server\150\Tools\Binn\;C:\WINDOWS\system32;C:\WINDOWS;C:\WINDOWS\System32\Wbem;C:\WINDOWS\System32\WindowsPowerShell\v1.0\;C:\WINDOWS\System32\OpenSSH\;C:\Program Files\Git\cmd;C:\Program Files\Microsoft\Azure Functions Core Tools\;C:\Users\LuísRibeiro\AppData\Local\Packages\PythonSoftwareFoundation.Python.3.10_qbz5n2kfra8p0\LocalCache\local-packages\Python310\Scripts;C:\Program Files\Docker\Docker\resources\bin;%M2_HOME%\bin;C:\Program Files\Apache Software Foundation\apache-maven-3.9.3\bin;C:\Program Files\Java\jdk-17\bin;C:\Users\LuísRibeiro\AppData\Local\Programs\Python\Python310;C:\Program Files\Java\jdk-17\bin;C:\Spark\spark-3.3.0-bin-hadoop3\bin;C:\hadoop\bin;C:\Users\LuísRibeiro\AppData\Local\Microsoft\WindowsApps;C:\Program Files\Azure Data Studio\bin;C:\Program Files\JetBrains\PyCharm 2022.2.1\bin;C:\apache-zookeeper-3.8.0-bin\bin;C:\Users\LuísRibeiro\.dotnet\tools;C:\Users\LuísRibeiro\AppData\Local\Programs\Microsoft VS Code\bin;C:\Users\LuísRibeiro\AppData\Local\Packages\PythonSoftwareFoundation.Python.3.10_qbz5n2kfra8p0\LocalCache\local-packages\Python310\Scripts;C:\Program Files\Apache Software Foundation\apache-maven-3.9.3\bin;C:\Program Files\Apache Software Foundation\apache-maven-3.9.3\bin;;."/>
    <property name="java.vm.info" value="mixed mode, sharing"/>
    <property name="java.vendor" value="Oracle Corporation"/>
    <property name="java.vm.version" value="17.0.8+9-LTS-211"/>
    <property name="sun.io.unicode.encoding" value="UnicodeLittle"/>
    <property name="java.class.version" value="61.0"/>
  </properties>
  <testcase name="testFixWrongDbEncoding" classname="org.ehrbase.jooq.dbencoding.wrappers.json.writer.translator_db2raw.LinkedTreeMapAdapterTest" time="0.032"/>
</testsuite>